<?xml version="1.0" encoding="UTF-8"?>
<testsuite xmlns:xsi="http://www.w3.org/2001/XMLSchema-instance" xsi:noNamespaceSchemaLocation="https://maven.apache.org/surefire/maven-surefire-plugin/xsd/surefire-test-report.xsd" name="TestSuite" time="4.279" tests="0" errors="0" skipped="0" failures="0">
  <properties>
    <property name="awt.toolkit" value="sun.awt.X11.XToolkit"/>
    <property name="java.specification.version" value="11"/>
    <property name="sun.cpu.isalist" value=""/>
    <property name="sun.jnu.encoding" value="UTF-8"/>
    <property name="java.class.path" value="/home/maxi/IdeaProjects/Estrutura_Exemplo_Back_Front/target/test-classes:/home/maxi/IdeaProjects/Estrutura_Exemplo_Back_Front/target/classes:/home/maxi/.m2/repository/org/codehaus/groovy/groovy/3.0.8/groovy-3.0.8.jar:/home/maxi/.m2/repository/org/codehaus/groovy/groovy-ant/3.0.9/groovy-ant-3.0.9.jar:/home/maxi/.m2/repository/org/apache/ant/ant/1.10.11/ant-1.10.11.jar:/home/maxi/.m2/repository/org/apache/ant/ant-junit/1.10.11/ant-junit-1.10.11.jar:/home/maxi/.m2/repository/org/apache/ant/ant-launcher/1.10.11/ant-launcher-1.10.11.jar:/home/maxi/.m2/repository/org/apache/ant/ant-antlr/1.10.11/ant-antlr-1.10.11.jar:/home/maxi/.m2/repository/org/codehaus/groovy/groovy-astbuilder/3.0.9/groovy-astbuilder-3.0.9.jar:/home/maxi/.m2/repository/org/codehaus/groovy/groovy-cli-picocli/3.0.9/groovy-cli-picocli-3.0.9.jar:/home/maxi/.m2/repository/info/picocli/picocli/4.6.1/picocli-4.6.1.jar:/home/maxi/.m2/repository/org/codehaus/groovy/groovy-console/3.0.9/groovy-console-3.0.9.jar:/home/maxi/.m2/repository/org/codehaus/groovy/groovy-datetime/3.0.9/groovy-datetime-3.0.9.jar:/home/maxi/.m2/repository/org/codehaus/groovy/groovy-docgenerator/3.0.9/groovy-docgenerator-3.0.9.jar:/home/maxi/.m2/repository/com/thoughtworks/qdox/qdox/1.12.1/qdox-1.12.1.jar:/home/maxi/.m2/repository/org/codehaus/groovy/groovy-groovydoc/3.0.9/groovy-groovydoc-3.0.9.jar:/home/maxi/.m2/repository/com/github/javaparser/javaparser-core/3.23.0/javaparser-core-3.23.0.jar:/home/maxi/.m2/repository/org/codehaus/groovy/groovy-groovysh/3.0.9/groovy-groovysh-3.0.9.jar:/home/maxi/.m2/repository/jline/jline/2.14.6/jline-2.14.6.jar:/home/maxi/.m2/repository/org/codehaus/groovy/groovy-jmx/3.0.9/groovy-jmx-3.0.9.jar:/home/maxi/.m2/repository/org/codehaus/groovy/groovy-json/3.0.9/groovy-json-3.0.9.jar:/home/maxi/.m2/repository/org/codehaus/groovy/groovy-jsr223/3.0.9/groovy-jsr223-3.0.9.jar:/home/maxi/.m2/repository/org/codehaus/groovy/groovy-macro/3.0.9/groovy-macro-3.0.9.jar:/home/maxi/.m2/repository/org/codehaus/groovy/groovy-nio/3.0.9/groovy-nio-3.0.9.jar:/home/maxi/.m2/repository/org/codehaus/groovy/groovy-servlet/3.0.9/groovy-servlet-3.0.9.jar:/home/maxi/.m2/repository/org/codehaus/groovy/groovy-sql/3.0.9/groovy-sql-3.0.9.jar:/home/maxi/.m2/repository/org/codehaus/groovy/groovy-swing/3.0.9/groovy-swing-3.0.9.jar:/home/maxi/.m2/repository/org/codehaus/groovy/groovy-templates/3.0.9/groovy-templates-3.0.9.jar:/home/maxi/.m2/repository/org/codehaus/groovy/groovy-test/3.0.9/groovy-test-3.0.9.jar:/home/maxi/.m2/repository/org/codehaus/groovy/groovy-test-junit5/3.0.9/groovy-test-junit5-3.0.9.jar:/home/maxi/.m2/repository/org/junit/jupiter/junit-jupiter-api/5.7.2/junit-jupiter-api-5.7.2.jar:/home/maxi/.m2/repository/org/opentest4j/opentest4j/1.2.0/opentest4j-1.2.0.jar:/home/maxi/.m2/repository/org/junit/platform/junit-platform-launcher/1.7.2/junit-platform-launcher-1.7.2.jar:/home/maxi/.m2/repository/org/junit/platform/junit-platform-engine/1.7.2/junit-platform-engine-1.7.2.jar:/home/maxi/.m2/repository/org/junit/platform/junit-platform-commons/1.7.2/junit-platform-commons-1.7.2.jar:/home/maxi/.m2/repository/org/junit/jupiter/junit-jupiter-engine/5.7.2/junit-jupiter-engine-5.7.2.jar:/home/maxi/.m2/repository/org/codehaus/groovy/groovy-testng/3.0.9/groovy-testng-3.0.9.jar:/home/maxi/.m2/repository/org/testng/testng/7.4.0/testng-7.4.0.jar:/home/maxi/.m2/repository/com/beust/jcommander/1.78/jcommander-1.78.jar:/home/maxi/.m2/repository/org/webjars/jquery/3.5.1/jquery-3.5.1.jar:/home/maxi/.m2/repository/org/codehaus/groovy/groovy-xml/3.0.9/groovy-xml-3.0.9.jar:/home/maxi/.m2/repository/io/cucumber/cucumber-junit/5.5.0/cucumber-junit-5.5.0.jar:/home/maxi/.m2/repository/org/apiguardian/apiguardian-api/1.1.0/apiguardian-api-1.1.0.jar:/home/maxi/.m2/repository/io/cucumber/cucumber-core/5.5.0/cucumber-core-5.5.0.jar:/home/maxi/.m2/repository/io/cucumber/cucumber-gherkin/5.5.0/cucumber-gherkin-5.5.0.jar:/home/maxi/.m2/repository/io/cucumber/cucumber-gherkin-vintage/5.5.0/cucumber-gherkin-vintage-5.5.0.jar:/home/maxi/.m2/repository/io/cucumber/tag-expressions/2.0.4/tag-expressions-2.0.4.jar:/home/maxi/.m2/repository/io/cucumber/cucumber-expressions/8.3.1/cucumber-expressions-8.3.1.jar:/home/maxi/.m2/repository/io/cucumber/datatable/3.3.0/datatable-3.3.0.jar:/home/maxi/.m2/repository/io/cucumber/cucumber-plugin/5.5.0/cucumber-plugin-5.5.0.jar:/home/maxi/.m2/repository/io/cucumber/docstring/5.5.0/docstring-5.5.0.jar:/home/maxi/.m2/repository/junit/junit/4.13/junit-4.13.jar:/home/maxi/.m2/repository/io/rest-assured/rest-assured/4.0.0/rest-assured-4.0.0.jar:/home/maxi/.m2/repository/org/apache/httpcomponents/httpclient/4.5.3/httpclient-4.5.3.jar:/home/maxi/.m2/repository/org/apache/httpcomponents/httpcore/4.4.6/httpcore-4.4.6.jar:/home/maxi/.m2/repository/commons-logging/commons-logging/1.2/commons-logging-1.2.jar:/home/maxi/.m2/repository/commons-codec/commons-codec/1.9/commons-codec-1.9.jar:/home/maxi/.m2/repository/org/apache/httpcomponents/httpmime/4.5.3/httpmime-4.5.3.jar:/home/maxi/.m2/repository/org/hamcrest/hamcrest-core/2.1/hamcrest-core-2.1.jar:/home/maxi/.m2/repository/org/hamcrest/hamcrest-library/2.1/hamcrest-library-2.1.jar:/home/maxi/.m2/repository/org/ccil/cowan/tagsoup/tagsoup/1.2.1/tagsoup-1.2.1.jar:/home/maxi/.m2/repository/io/rest-assured/json-path/4.0.0/json-path-4.0.0.jar:/home/maxi/.m2/repository/io/rest-assured/rest-assured-common/4.0.0/rest-assured-common-4.0.0.jar:/home/maxi/.m2/repository/io/rest-assured/xml-path/4.0.0/xml-path-4.0.0.jar:/home/maxi/.m2/repository/org/apache/commons/commons-lang3/3.4/commons-lang3-3.4.jar:/home/maxi/.m2/repository/javax/xml/bind/jaxb-api/2.2.12/jaxb-api-2.2.12.jar:/home/maxi/.m2/repository/com/sun/xml/bind/jaxb-osgi/2.2.10/jaxb-osgi-2.2.10.jar:/home/maxi/.m2/repository/org/apache/sling/org.apache.sling.javax.activation/0.1.0/org.apache.sling.javax.activation-0.1.0.jar:/home/maxi/.m2/repository/javax/activation/activation/1.1.1/activation-1.1.1.jar:/home/maxi/.m2/repository/org/hamcrest/hamcrest/2.2/hamcrest-2.2.jar:/home/maxi/.m2/repository/io/cucumber/cucumber-java/5.6.0/cucumber-java-5.6.0.jar:/home/maxi/.m2/repository/org/seleniumhq/selenium/selenium-remote-driver/3.141.59/selenium-remote-driver-3.141.59.jar:/home/maxi/.m2/repository/org/seleniumhq/selenium/selenium-api/3.141.59/selenium-api-3.141.59.jar:/home/maxi/.m2/repository/net/bytebuddy/byte-buddy/1.8.15/byte-buddy-1.8.15.jar:/home/maxi/.m2/repository/org/apache/commons/commons-exec/1.3/commons-exec-1.3.jar:/home/maxi/.m2/repository/com/google/guava/guava/25.0-jre/guava-25.0-jre.jar:/home/maxi/.m2/repository/com/google/code/findbugs/jsr305/1.3.9/jsr305-1.3.9.jar:/home/maxi/.m2/repository/org/checkerframework/checker-compat-qual/2.0.0/checker-compat-qual-2.0.0.jar:/home/maxi/.m2/repository/com/google/errorprone/error_prone_annotations/2.1.3/error_prone_annotations-2.1.3.jar:/home/maxi/.m2/repository/com/google/j2objc/j2objc-annotations/1.1/j2objc-annotations-1.1.jar:/home/maxi/.m2/repository/org/codehaus/mojo/animal-sniffer-annotations/1.14/animal-sniffer-annotations-1.14.jar:/home/maxi/.m2/repository/com/squareup/okhttp3/okhttp/3.11.0/okhttp-3.11.0.jar:/home/maxi/.m2/repository/com/squareup/okio/okio/1.14.0/okio-1.14.0.jar:/home/maxi/.m2/repository/org/seleniumhq/selenium/selenium-chrome-driver/3.141.59/selenium-chrome-driver-3.141.59.jar:/home/maxi/.m2/repository/org/seleniumhq/selenium/selenium-firefox-driver/3.141.59/selenium-firefox-driver-3.141.59.jar:/home/maxi/.m2/repository/org/seleniumhq/selenium/selenium-ie-driver/3.141.59/selenium-ie-driver-3.141.59.jar:/home/maxi/.m2/repository/org/seleniumhq/selenium/selenium-support/3.141.59/selenium-support-3.141.59.jar:/home/maxi/.m2/repository/com/google/code/gson/gson/2.9.0/gson-2.9.0.jar:/home/maxi/.m2/repository/com/fasterxml/jackson/core/jackson-annotations/2.9.0/jackson-annotations-2.9.0.jar:/home/maxi/.m2/repository/org/projectlombok/lombok/1.18.22/lombok-1.18.22.jar:/home/maxi/.m2/repository/com/fasterxml/jackson/core/jackson-databind/2.11.0/jackson-databind-2.11.0.jar:/home/maxi/.m2/repository/com/fasterxml/jackson/core/jackson-core/2.11.0/jackson-core-2.11.0.jar:/home/maxi/.m2/repository/org/apache/maven/surefire/surefire-testng-utils/2.21.0/surefire-testng-utils-2.21.0.jar:/home/maxi/.m2/repository/org/apache/maven/surefire/surefire-grouper/2.21.0/surefire-grouper-2.21.0.jar:"/>
    <property name="java.vm.vendor" value="Debian"/>
    <property name="sun.arch.data.model" value="64"/>
    <property name="java.vendor.url" value="https://tracker.debian.org/openjdk-11"/>
    <property name="user.timezone" value=""/>
    <property name="java.vm.specification.version" value="11"/>
    <property name="os.name" value="Linux"/>
    <property name="sun.java.launcher" value="SUN_STANDARD"/>
    <property name="user.country" value="AR"/>
    <property name="sun.boot.library.path" value="/usr/lib/jvm/java-11-openjdk-amd64/lib"/>
    <property name="sun.java.command" value="/home/maxi/IdeaProjects/Estrutura_Exemplo_Back_Front/target/surefire/surefirebooter12726969989627460712.jar /home/maxi/IdeaProjects/Estrutura_Exemplo_Back_Front/target/surefire 2022-03-01T22-32-19_803-jvmRun1 surefire12221800662846482968tmp surefire_015341601320033301750tmp"/>
    <property name="jdk.debug" value="release"/>
    <property name="surefire.test.class.path" value="/home/maxi/IdeaProjects/Estrutura_Exemplo_Back_Front/target/test-classes:/home/maxi/IdeaProjects/Estrutura_Exemplo_Back_Front/target/classes:/home/maxi/.m2/repository/org/codehaus/groovy/groovy/3.0.8/groovy-3.0.8.jar:/home/maxi/.m2/repository/org/codehaus/groovy/groovy-ant/3.0.9/groovy-ant-3.0.9.jar:/home/maxi/.m2/repository/org/apache/ant/ant/1.10.11/ant-1.10.11.jar:/home/maxi/.m2/repository/org/apache/ant/ant-junit/1.10.11/ant-junit-1.10.11.jar:/home/maxi/.m2/repository/org/apache/ant/ant-launcher/1.10.11/ant-launcher-1.10.11.jar:/home/maxi/.m2/repository/org/apache/ant/ant-antlr/1.10.11/ant-antlr-1.10.11.jar:/home/maxi/.m2/repository/org/codehaus/groovy/groovy-astbuilder/3.0.9/groovy-astbuilder-3.0.9.jar:/home/maxi/.m2/repository/org/codehaus/groovy/groovy-cli-picocli/3.0.9/groovy-cli-picocli-3.0.9.jar:/home/maxi/.m2/repository/info/picocli/picocli/4.6.1/picocli-4.6.1.jar:/home/maxi/.m2/repository/org/codehaus/groovy/groovy-console/3.0.9/groovy-console-3.0.9.jar:/home/maxi/.m2/repository/org/codehaus/groovy/groovy-datetime/3.0.9/groovy-datetime-3.0.9.jar:/home/maxi/.m2/repository/org/codehaus/groovy/groovy-docgenerator/3.0.9/groovy-docgenerator-3.0.9.jar:/home/maxi/.m2/repository/com/thoughtworks/qdox/qdox/1.12.1/qdox-1.12.1.jar:/home/maxi/.m2/repository/org/codehaus/groovy/groovy-groovydoc/3.0.9/groovy-groovydoc-3.0.9.jar:/home/maxi/.m2/repository/com/github/javaparser/javaparser-core/3.23.0/javaparser-core-3.23.0.jar:/home/maxi/.m2/repository/org/codehaus/groovy/groovy-groovysh/3.0.9/groovy-groovysh-3.0.9.jar:/home/maxi/.m2/repository/jline/jline/2.14.6/jline-2.14.6.jar:/home/maxi/.m2/repository/org/codehaus/groovy/groovy-jmx/3.0.9/groovy-jmx-3.0.9.jar:/home/maxi/.m2/repository/org/codehaus/groovy/groovy-json/3.0.9/groovy-json-3.0.9.jar:/home/maxi/.m2/repository/org/codehaus/groovy/groovy-jsr223/3.0.9/groovy-jsr223-3.0.9.jar:/home/maxi/.m2/repository/org/codehaus/groovy/groovy-macro/3.0.9/groovy-macro-3.0.9.jar:/home/maxi/.m2/repository/org/codehaus/groovy/groovy-nio/3.0.9/groovy-nio-3.0.9.jar:/home/maxi/.m2/repository/org/codehaus/groovy/groovy-servlet/3.0.9/groovy-servlet-3.0.9.jar:/home/maxi/.m2/repository/org/codehaus/groovy/groovy-sql/3.0.9/groovy-sql-3.0.9.jar:/home/maxi/.m2/repository/org/codehaus/groovy/groovy-swing/3.0.9/groovy-swing-3.0.9.jar:/home/maxi/.m2/repository/org/codehaus/groovy/groovy-templates/3.0.9/groovy-templates-3.0.9.jar:/home/maxi/.m2/repository/org/codehaus/groovy/groovy-test/3.0.9/groovy-test-3.0.9.jar:/home/maxi/.m2/repository/org/codehaus/groovy/groovy-test-junit5/3.0.9/groovy-test-junit5-3.0.9.jar:/home/maxi/.m2/repository/org/junit/jupiter/junit-jupiter-api/5.7.2/junit-jupiter-api-5.7.2.jar:/home/maxi/.m2/repository/org/opentest4j/opentest4j/1.2.0/opentest4j-1.2.0.jar:/home/maxi/.m2/repository/org/junit/platform/junit-platform-launcher/1.7.2/junit-platform-launcher-1.7.2.jar:/home/maxi/.m2/repository/org/junit/platform/junit-platform-engine/1.7.2/junit-platform-engine-1.7.2.jar:/home/maxi/.m2/repository/org/junit/platform/junit-platform-commons/1.7.2/junit-platform-commons-1.7.2.jar:/home/maxi/.m2/repository/org/junit/jupiter/junit-jupiter-engine/5.7.2/junit-jupiter-engine-5.7.2.jar:/home/maxi/.m2/repository/org/codehaus/groovy/groovy-testng/3.0.9/groovy-testng-3.0.9.jar:/home/maxi/.m2/repository/org/testng/testng/7.4.0/testng-7.4.0.jar:/home/maxi/.m2/repository/com/beust/jcommander/1.78/jcommander-1.78.jar:/home/maxi/.m2/repository/org/webjars/jquery/3.5.1/jquery-3.5.1.jar:/home/maxi/.m2/repository/org/codehaus/groovy/groovy-xml/3.0.9/groovy-xml-3.0.9.jar:/home/maxi/.m2/repository/io/cucumber/cucumber-junit/5.5.0/cucumber-junit-5.5.0.jar:/home/maxi/.m2/repository/org/apiguardian/apiguardian-api/1.1.0/apiguardian-api-1.1.0.jar:/home/maxi/.m2/repository/io/cucumber/cucumber-core/5.5.0/cucumber-core-5.5.0.jar:/home/maxi/.m2/repository/io/cucumber/cucumber-gherkin/5.5.0/cucumber-gherkin-5.5.0.jar:/home/maxi/.m2/repository/io/cucumber/cucumber-gherkin-vintage/5.5.0/cucumber-gherkin-vintage-5.5.0.jar:/home/maxi/.m2/repository/io/cucumber/tag-expressions/2.0.4/tag-expressions-2.0.4.jar:/home/maxi/.m2/repository/io/cucumber/cucumber-expressions/8.3.1/cucumber-expressions-8.3.1.jar:/home/maxi/.m2/repository/io/cucumber/datatable/3.3.0/datatable-3.3.0.jar:/home/maxi/.m2/repository/io/cucumber/cucumber-plugin/5.5.0/cucumber-plugin-5.5.0.jar:/home/maxi/.m2/repository/io/cucumber/docstring/5.5.0/docstring-5.5.0.jar:/home/maxi/.m2/repository/junit/junit/4.13/junit-4.13.jar:/home/maxi/.m2/repository/io/rest-assured/rest-assured/4.0.0/rest-assured-4.0.0.jar:/home/maxi/.m2/repository/org/apache/httpcomponents/httpclient/4.5.3/httpclient-4.5.3.jar:/home/maxi/.m2/repository/org/apache/httpcomponents/httpcore/4.4.6/httpcore-4.4.6.jar:/home/maxi/.m2/repository/commons-logging/commons-logging/1.2/commons-logging-1.2.jar:/home/maxi/.m2/repository/commons-codec/commons-codec/1.9/commons-codec-1.9.jar:/home/maxi/.m2/repository/org/apache/httpcomponents/httpmime/4.5.3/httpmime-4.5.3.jar:/home/maxi/.m2/repository/org/hamcrest/hamcrest-core/2.1/hamcrest-core-2.1.jar:/home/maxi/.m2/repository/org/hamcrest/hamcrest-library/2.1/hamcrest-library-2.1.jar:/home/maxi/.m2/repository/org/ccil/cowan/tagsoup/tagsoup/1.2.1/tagsoup-1.2.1.jar:/home/maxi/.m2/repository/io/rest-assured/json-path/4.0.0/json-path-4.0.0.jar:/home/maxi/.m2/repository/io/rest-assured/rest-assured-common/4.0.0/rest-assured-common-4.0.0.jar:/home/maxi/.m2/repository/io/rest-assured/xml-path/4.0.0/xml-path-4.0.0.jar:/home/maxi/.m2/repository/org/apache/commons/commons-lang3/3.4/commons-lang3-3.4.jar:/home/maxi/.m2/repository/javax/xml/bind/jaxb-api/2.2.12/jaxb-api-2.2.12.jar:/home/maxi/.m2/repository/com/sun/xml/bind/jaxb-osgi/2.2.10/jaxb-osgi-2.2.10.jar:/home/maxi/.m2/repository/org/apache/sling/org.apache.sling.javax.activation/0.1.0/org.apache.sling.javax.activation-0.1.0.jar:/home/maxi/.m2/repository/javax/activation/activation/1.1.1/activation-1.1.1.jar:/home/maxi/.m2/repository/org/hamcrest/hamcrest/2.2/hamcrest-2.2.jar:/home/maxi/.m2/repository/io/cucumber/cucumber-java/5.6.0/cucumber-java-5.6.0.jar:/home/maxi/.m2/repository/org/seleniumhq/selenium/selenium-remote-driver/3.141.59/selenium-remote-driver-3.141.59.jar:/home/maxi/.m2/repository/org/seleniumhq/selenium/selenium-api/3.141.59/selenium-api-3.141.59.jar:/home/maxi/.m2/repository/net/bytebuddy/byte-buddy/1.8.15/byte-buddy-1.8.15.jar:/home/maxi/.m2/repository/org/apache/commons/commons-exec/1.3/commons-exec-1.3.jar:/home/maxi/.m2/repository/com/google/guava/guava/25.0-jre/guava-25.0-jre.jar:/home/maxi/.m2/repository/com/google/code/findbugs/jsr305/1.3.9/jsr305-1.3.9.jar:/home/maxi/.m2/repository/org/checkerframework/checker-compat-qual/2.0.0/checker-compat-qual-2.0.0.jar:/home/maxi/.m2/repository/com/google/errorprone/error_prone_annotations/2.1.3/error_prone_annotations-2.1.3.jar:/home/maxi/.m2/repository/com/google/j2objc/j2objc-annotations/1.1/j2objc-annotations-1.1.jar:/home/maxi/.m2/repository/org/codehaus/mojo/animal-sniffer-annotations/1.14/animal-sniffer-annotations-1.14.jar:/home/maxi/.m2/repository/com/squareup/okhttp3/okhttp/3.11.0/okhttp-3.11.0.jar:/home/maxi/.m2/repository/com/squareup/okio/okio/1.14.0/okio-1.14.0.jar:/home/maxi/.m2/repository/org/seleniumhq/selenium/selenium-chrome-driver/3.141.59/selenium-chrome-driver-3.141.59.jar:/home/maxi/.m2/repository/org/seleniumhq/selenium/selenium-firefox-driver/3.141.59/selenium-firefox-driver-3.141.59.jar:/home/maxi/.m2/repository/org/seleniumhq/selenium/selenium-ie-driver/3.141.59/selenium-ie-driver-3.141.59.jar:/home/maxi/.m2/repository/org/seleniumhq/selenium/selenium-support/3.141.59/selenium-support-3.141.59.jar:/home/maxi/.m2/repository/com/google/code/gson/gson/2.9.0/gson-2.9.0.jar:/home/maxi/.m2/repository/com/fasterxml/jackson/core/jackson-annotations/2.9.0/jackson-annotations-2.9.0.jar:/home/maxi/.m2/repository/org/projectlombok/lombok/1.18.22/lombok-1.18.22.jar:/home/maxi/.m2/repository/com/fasterxml/jackson/core/jackson-databind/2.11.0/jackson-databind-2.11.0.jar:/home/maxi/.m2/repository/com/fasterxml/jackson/core/jackson-core/2.11.0/jackson-core-2.11.0.jar:/home/maxi/.m2/repository/org/apache/maven/surefire/surefire-testng-utils/2.21.0/surefire-testng-utils-2.21.0.jar:/home/maxi/.m2/repository/org/apache/maven/surefire/surefire-grouper/2.21.0/surefire-grouper-2.21.0.jar:"/>
    <property name="sun.cpu.endian" value="little"/>
    <property name="user.home" value="/home/maxi"/>
    <property name="user.language" value="es"/>
    <property name="java.specification.vendor" value="Oracle Corporation"/>
    <property name="java.version.date" value="2022-01-18"/>
    <property name="java.home" value="/usr/lib/jvm/java-11-openjdk-amd64"/>
    <property name="file.separator" value="/"/>
    <property name="basedir" value="/home/maxi/IdeaProjects/Estrutura_Exemplo_Back_Front"/>
    <property name="java.vm.compressedOopsMode" value="32-bit"/>
    <property name="line.separator" value="&#10;"/>
    <property name="java.specification.name" value="Java Platform API Specification"/>
    <property name="java.vm.specification.vendor" value="Oracle Corporation"/>
    <property name="java.awt.graphicsenv" value="sun.awt.X11GraphicsEnvironment"/>
    <property name="surefire.real.class.path" value="/home/maxi/IdeaProjects/Estrutura_Exemplo_Back_Front/target/surefire/surefirebooter12726969989627460712.jar"/>
    <property name="sun.management.compiler" value="HotSpot 64-Bit Tiered Compilers"/>
    <property name="java.runtime.version" value="11.0.14+9-post-Debian-1deb10u1"/>
    <property name="user.name" value="maxi"/>
    <property name="path.separator" value=":"/>
    <property name="os.version" value="4.19.0-18-amd64"/>
    <property name="java.runtime.name" value="OpenJDK Runtime Environment"/>
    <property name="file.encoding" value="UTF-8"/>
    <property name="java.vm.name" value="OpenJDK 64-Bit Server VM"/>
    <property name="localRepository" value="/home/maxi/.m2/repository"/>
    <property name="java.vendor.url.bug" value="https://bugs.debian.org/openjdk-11"/>
    <property name="java.io.tmpdir" value="/tmp"/>
    <property name="java.version" value="11.0.14"/>
    <property name="user.dir" value="/home/maxi/IdeaProjects/Estrutura_Exemplo_Back_Front"/>
    <property name="os.arch" value="amd64"/>
    <property name="java.vm.specification.name" value="Java Virtual Machine Specification"/>
    <property name="java.awt.printerjob" value="sun.print.PSPrinterJob"/>
    <property name="sun.os.patch.level" value="unknown"/>
    <property name="java.library.path" value="/usr/java/packages/lib:/usr/lib/x86_64-linux-gnu/jni:/lib/x86_64-linux-gnu:/usr/lib/x86_64-linux-gnu:/usr/lib/jni:/lib:/usr/lib"/>
    <property name="java.vm.info" value="mixed mode, sharing"/>
    <property name="java.vendor" value="Debian"/>
    <property name="java.vm.version" value="11.0.14+9-post-Debian-1deb10u1"/>
    <property name="sun.io.unicode.encoding" value="UnicodeLittle"/>
    <property name="java.class.version" value="55.0"/>
  </properties>
</testsuite>